<?xml version="1.0" encoding="UTF-8"?>
<testsuite name="TicTacToeTest" tests="1" skipped="0" failures="0" errors="0" timestamp="2020-05-29T20:33:07" hostname="DESKTOP-VR7ERIT" time="0.186">
  <properties/>
  <testcase name="start" classname="TicTacToeTest" time="0.186"/>
  <system-out><![CDATA[?[1;31m
Start test 1?[0m
X O X
 O X O
 X X O 
]]></system-out>
  <system-err><![CDATA[]]></system-err>
</testsuite>
